1752403675,46,Creating A "Help" Program For DTOS Using Dmenu,https://www.youtube.com/watch?v=n1wePk9ZGs0,104
1752406769,46,Creating A "Help" Program For DTOS Using Dmenu,https://www.youtube.com/watch?v=n1wePk9ZGs0,104
1752406822,46,Creating A "Help" Program For DTOS Using Dmenu,https://www.youtube.com/watch?v=n1wePk9ZGs0,104
1752425895,114,طريقة الحصول على خط عربي أفضل على لينكس - تحكم كامل في كل الخطوط,https://youtu.be/qWjz0ewff4s,158
1752491870,36,NvChad - Neovim - Python - Archlinux,https://www.youtube.com/watch?v=4o6D1W0iW10,94
1752491895,36,NvChad - Neovim - Python - Archlinux,https://www.youtube.com/watch?v=4o6D1W0iW10,94
1752497084,46,NNN file manager and plugin system (revisited),https://www.youtube.com/watch?v=-knZwdd1ScU&t=1277s,112
1752497257,46,NNN file manager and plugin system (revisited),https://www.youtube.com/watch?v=-knZwdd1ScU&t=1277s,112
1752498264,46,NNN file manager and plugin system (revisited),https://www.youtube.com/watch?v=-knZwdd1ScU&t=1277s,112
1752504210,,,/home/najib/sound/shutup.mp3,41
1752523394,68,NvChad - neovim, treesitter, lspconfig, lint and conform - Archlinux,https://www.youtube.com/watch?v=TNRFegMqbWA&list=PLO02jwa2ZaiCwXNyaB_9GrPX4UnaXgXcM&index=1,174
1752523423,68,NvChad - neovim, treesitter, lspconfig, lint and conform - Archlinux,https://www.youtube.com/watch?v=TNRFegMqbWA&list=PLO02jwa2ZaiCwXNyaB_9GrPX4UnaXgXcM&index=1,174
1752568728,35,The perfect Neovim setup for Python,https://www.youtube.com/watch?v=4BnVeOUeZxc,93
1752568885,35,The perfect Neovim setup for Python,https://www.youtube.com/watch?v=4BnVeOUeZxc,93
1752579075,,,/home/najib/learn/backend/Python Full Course for Beginners [2025] [K5KVEU3aaeQ].mp4,96
1752585985,,,/home/najib/learn/backend/تعلم لغة بايثون من الصفر الى الاحتراف ｜ كورس كامل [Drjvm8p013o].mp4,147
1752586023,,,/home/najib/learn/backend/تعلم لغة بايثون من الصفر الى الاحتراف ｜ كورس كامل [Drjvm8p013o].mp4,147
1752596174,44,Use Python Modules (to Write Clean Code) #23,https://www.youtube.com/watch?list=PL98qAXLA6afuh50qD2MdAj3ofYjZR_Phn&v=WfcozEiBIJU,142
1752612555,,,/home/najib/learn/backend/Python Object Oriented Programming (OOP) - For Beginners [JeznW_7DlB0].mp4,113
1752612588,,,/home/najib/learn/backend/Python Object Oriented Programming (OOP) - For Beginners [JeznW_7DlB0].mp4,113
1752612599,,,/home/najib/learn/backend/Python Object Oriented Programming (OOP) - For Beginners [JeznW_7DlB0].mp4,113
1752615574,,,/home/najib/learn/backend/Django Tutorial for Beginners – Build Powerful Backends [rHux0gMZ3Eg].mp4,114
1752615576,,,/home/najib/learn/backend/Django Tutorial for Beginners – Build Powerful Backends [rHux0gMZ3Eg].mp4,114
1752615578,,,/home/najib/learn/backend/Django Tutorial for Beginners – Build Powerful Backends [rHux0gMZ3Eg].mp4,114
1752678866,,,/home/najib/sound/shutup.mp3,41
1752899010,7,Al-Hijr,/home/najib/sound/Mohammed_Siddiq_Al-Minshawi_(Update2)_(MP3_Quran)/015.mp3,96
1752899897,7,Al-Isra,/home/najib/sound/Mohammed_Siddiq_Al-Minshawi_(Update2)_(MP3_Quran)/017.mp3,96
1752901824,7,Al-Isra,/home/najib/sound/Mohammed_Siddiq_Al-Minshawi_(Update2)_(MP3_Quran)/017.mp3,96
1752901837,8,Al-Falaq,/home/najib/sound/Mohammed_Siddiq_Al-Minshawi_(Update2)_(MP3_Quran)/113.mp3,97
1752901871,8,Al-Falaq,/home/najib/sound/Mohammed_Siddiq_Al-Minshawi_(Update2)_(MP3_Quran)/113.mp3,97
1752902339,,,/home/najib/learn/backend/Backend Full Course ｜ NodeJS ExpressJS PostgreSQL Prisma & Docker [9BD9eK9VqXA].mp4,124
1752902375,,,/home/najib/learn/backend/Django Tutorial for Beginners – Build Powerful Backends [rHux0gMZ3Eg].mp4,114
1752902376,,,/home/najib/learn/backend/Backend Full Course ｜ NodeJS ExpressJS PostgreSQL Prisma & Docker [9BD9eK9VqXA].mp4,124
1752962085,,,/home/najib/learn/backend/Backend Full Course ｜ NodeJS ExpressJS PostgreSQL Prisma & Docker [9BD9eK9VqXA].mp4,124
1752962089,,,/home/najib/learn/backend/Django Tutorial for Beginners – Build Powerful Backends [rHux0gMZ3Eg].mp4,114
1752962092,,,/home/najib/learn/backend/Backend Full Course ｜ NodeJS ExpressJS PostgreSQL Prisma & Docker [9BD9eK9VqXA].mp4,124
1753008773,15,Surat Al-Fatiha,/home/najib/Downloads/smsbilal_gmail_002_20180721/001.mp3,87
1753008792,13,Surat Al-Araf,/home/najib/Downloads/smsbilal_gmail_002_20180721/007.mp3,85
